{"/home/vetalstar/Документы/sync_files/Dokumenti/programmirovanije/zmeja/ships_of_17_century_board_game/ship_game/static/ship_game/components/editor/editor.jsx": {"path":"/home/vetalstar/Документы/sync_files/Dokumenti/programmirovanije/zmeja/ships_of_17_century_board_game/ship_game/static/ship_game/components/editor/editor.jsx","all":false,"statementMap":{"0":{"start":{"line":1,"column":0},"end":{"line":1,"column":44}},"1":{"start":{"line":2,"column":0},"end":{"line":2,"column":33}},"2":{"start":{"line":3,"column":0},"end":{"line":3,"column":41}},"3":{"start":{"line":4,"column":0},"end":{"line":4,"column":0}},"4":{"start":{"line":5,"column":0},"end":{"line":5,"column":36}},"5":{"start":{"line":6,"column":0},"end":{"line":6,"column":48}},"6":{"start":{"line":7,"column":0},"end":{"line":7,"column":0}},"7":{"start":{"line":8,"column":0},"end":{"line":8,"column":13}},"8":{"start":{"line":9,"column":0},"end":{"line":9,"column":41}},"9":{"start":{"line":10,"column":0},"end":{"line":10,"column":46}},"10":{"start":{"line":11,"column":0},"end":{"line":11,"column":0}},"11":{"start":{"line":12,"column":0},"end":{"line":12,"column":30}},"12":{"start":{"line":13,"column":0},"end":{"line":13,"column":33}},"13":{"start":{"line":14,"column":0},"end":{"line":14,"column":0}},"14":{"start":{"line":15,"column":0},"end":{"line":15,"column":39}},"15":{"start":{"line":16,"column":0},"end":{"line":16,"column":31}},"16":{"start":{"line":17,"column":0},"end":{"line":17,"column":25}},"17":{"start":{"line":18,"column":0},"end":{"line":18,"column":23}},"18":{"start":{"line":19,"column":0},"end":{"line":19,"column":70}},"19":{"start":{"line":20,"column":0},"end":{"line":20,"column":17}},"20":{"start":{"line":21,"column":0},"end":{"line":21,"column":13}},"21":{"start":{"line":22,"column":0},"end":{"line":22,"column":10}},"22":{"start":{"line":23,"column":0},"end":{"line":23,"column":9}},"23":{"start":{"line":24,"column":0},"end":{"line":24,"column":6}},"24":{"start":{"line":25,"column":0},"end":{"line":25,"column":0}},"25":{"start":{"line":26,"column":0},"end":{"line":26,"column":84}},"26":{"start":{"line":27,"column":0},"end":{"line":27,"column":1}},"27":{"start":{"line":28,"column":0},"end":{"line":28,"column":0}},"28":{"start":{"line":29,"column":0},"end":{"line":29,"column":19}},"29":{"start":{"line":30,"column":0},"end":{"line":30,"column":58}},"30":{"start":{"line":31,"column":0},"end":{"line":31,"column":62}},"31":{"start":{"line":32,"column":0},"end":{"line":32,"column":39}},"32":{"start":{"line":33,"column":0},"end":{"line":33,"column":37}},"33":{"start":{"line":34,"column":0},"end":{"line":34,"column":6}},"34":{"start":{"line":35,"column":0},"end":{"line":35,"column":0}},"35":{"start":{"line":36,"column":0},"end":{"line":36,"column":26}},"36":{"start":{"line":37,"column":0},"end":{"line":37,"column":81}},"37":{"start":{"line":38,"column":0},"end":{"line":38,"column":63}},"38":{"start":{"line":39,"column":0},"end":{"line":39,"column":17}},"39":{"start":{"line":40,"column":0},"end":{"line":40,"column":0}},"40":{"start":{"line":41,"column":0},"end":{"line":41,"column":35}},"41":{"start":{"line":42,"column":0},"end":{"line":42,"column":29}},"42":{"start":{"line":43,"column":0},"end":{"line":43,"column":32}},"43":{"start":{"line":44,"column":0},"end":{"line":44,"column":9}},"44":{"start":{"line":45,"column":0},"end":{"line":45,"column":5}},"45":{"start":{"line":46,"column":0},"end":{"line":46,"column":28}},"46":{"start":{"line":47,"column":0},"end":{"line":47,"column":29}},"47":{"start":{"line":48,"column":0},"end":{"line":48,"column":5}},"48":{"start":{"line":49,"column":0},"end":{"line":49,"column":0}},"49":{"start":{"line":50,"column":0},"end":{"line":50,"column":52}},"50":{"start":{"line":51,"column":0},"end":{"line":51,"column":12}},"51":{"start":{"line":52,"column":0},"end":{"line":52,"column":0}},"52":{"start":{"line":53,"column":0},"end":{"line":53,"column":45}},"53":{"start":{"line":54,"column":0},"end":{"line":54,"column":43}},"54":{"start":{"line":55,"column":0},"end":{"line":55,"column":0}},"55":{"start":{"line":56,"column":0},"end":{"line":56,"column":42}},"56":{"start":{"line":57,"column":0},"end":{"line":57,"column":13}},"57":{"start":{"line":58,"column":0},"end":{"line":58,"column":30}},"58":{"start":{"line":59,"column":0},"end":{"line":59,"column":43}},"59":{"start":{"line":60,"column":0},"end":{"line":60,"column":13}},"60":{"start":{"line":61,"column":0},"end":{"line":61,"column":11}},"61":{"start":{"line":62,"column":0},"end":{"line":62,"column":39}},"62":{"start":{"line":63,"column":0},"end":{"line":63,"column":46}},"63":{"start":{"line":64,"column":0},"end":{"line":64,"column":0}},"64":{"start":{"line":65,"column":0},"end":{"line":65,"column":40}},"65":{"start":{"line":66,"column":0},"end":{"line":66,"column":0}},"66":{"start":{"line":67,"column":0},"end":{"line":67,"column":43}},"67":{"start":{"line":68,"column":0},"end":{"line":68,"column":0}},"68":{"start":{"line":69,"column":0},"end":{"line":69,"column":32}},"69":{"start":{"line":70,"column":0},"end":{"line":70,"column":30}},"70":{"start":{"line":71,"column":0},"end":{"line":71,"column":39}},"71":{"start":{"line":72,"column":0},"end":{"line":72,"column":42}},"72":{"start":{"line":73,"column":0},"end":{"line":73,"column":24}},"73":{"start":{"line":74,"column":0},"end":{"line":74,"column":42}},"74":{"start":{"line":75,"column":0},"end":{"line":75,"column":17}},"75":{"start":{"line":76,"column":0},"end":{"line":76,"column":20}},"76":{"start":{"line":77,"column":0},"end":{"line":77,"column":31}},"77":{"start":{"line":78,"column":0},"end":{"line":78,"column":39}},"78":{"start":{"line":79,"column":0},"end":{"line":79,"column":42}},"79":{"start":{"line":80,"column":0},"end":{"line":80,"column":24}},"80":{"start":{"line":81,"column":0},"end":{"line":81,"column":42}},"81":{"start":{"line":82,"column":0},"end":{"line":82,"column":17}},"82":{"start":{"line":83,"column":0},"end":{"line":83,"column":13}},"83":{"start":{"line":84,"column":0},"end":{"line":84,"column":0}},"84":{"start":{"line":85,"column":0},"end":{"line":85,"column":31}},"85":{"start":{"line":86,"column":0},"end":{"line":86,"column":9}},"86":{"start":{"line":87,"column":0},"end":{"line":87,"column":5}},"87":{"start":{"line":88,"column":0},"end":{"line":88,"column":0}},"88":{"start":{"line":89,"column":0},"end":{"line":89,"column":30}},"89":{"start":{"line":90,"column":0},"end":{"line":90,"column":31}},"90":{"start":{"line":91,"column":0},"end":{"line":91,"column":26}},"91":{"start":{"line":92,"column":0},"end":{"line":92,"column":52}},"92":{"start":{"line":93,"column":0},"end":{"line":93,"column":20}},"93":{"start":{"line":94,"column":0},"end":{"line":94,"column":5}},"94":{"start":{"line":95,"column":0},"end":{"line":95,"column":28}},"95":{"start":{"line":96,"column":0},"end":{"line":96,"column":43}},"96":{"start":{"line":97,"column":0},"end":{"line":97,"column":0}},"97":{"start":{"line":98,"column":0},"end":{"line":98,"column":32}},"98":{"start":{"line":99,"column":0},"end":{"line":99,"column":17}},"99":{"start":{"line":100,"column":0},"end":{"line":100,"column":46}},"100":{"start":{"line":101,"column":0},"end":{"line":101,"column":9}},"101":{"start":{"line":102,"column":0},"end":{"line":102,"column":5}},"102":{"start":{"line":103,"column":0},"end":{"line":103,"column":39}},"103":{"start":{"line":104,"column":0},"end":{"line":104,"column":36}},"104":{"start":{"line":105,"column":0},"end":{"line":105,"column":39}},"105":{"start":{"line":106,"column":0},"end":{"line":106,"column":0}},"106":{"start":{"line":107,"column":0},"end":{"line":107,"column":32}},"107":{"start":{"line":108,"column":0},"end":{"line":108,"column":36}},"108":{"start":{"line":109,"column":0},"end":{"line":109,"column":26}},"109":{"start":{"line":110,"column":0},"end":{"line":110,"column":23}},"110":{"start":{"line":111,"column":0},"end":{"line":111,"column":13}},"111":{"start":{"line":112,"column":0},"end":{"line":112,"column":34}},"112":{"start":{"line":113,"column":0},"end":{"line":113,"column":41}},"113":{"start":{"line":114,"column":0},"end":{"line":114,"column":23}},"114":{"start":{"line":115,"column":0},"end":{"line":115,"column":16}},"115":{"start":{"line":116,"column":0},"end":{"line":116,"column":36}},"116":{"start":{"line":117,"column":0},"end":{"line":117,"column":26}},"117":{"start":{"line":118,"column":0},"end":{"line":118,"column":23}},"118":{"start":{"line":119,"column":0},"end":{"line":119,"column":13}},"119":{"start":{"line":120,"column":0},"end":{"line":120,"column":34}},"120":{"start":{"line":121,"column":0},"end":{"line":121,"column":41}},"121":{"start":{"line":122,"column":0},"end":{"line":122,"column":23}},"122":{"start":{"line":123,"column":0},"end":{"line":123,"column":9}},"123":{"start":{"line":124,"column":0},"end":{"line":124,"column":0}},"124":{"start":{"line":125,"column":0},"end":{"line":125,"column":26}},"125":{"start":{"line":126,"column":0},"end":{"line":126,"column":69}},"126":{"start":{"line":127,"column":0},"end":{"line":127,"column":27}},"127":{"start":{"line":128,"column":0},"end":{"line":128,"column":22}},"128":{"start":{"line":129,"column":0},"end":{"line":129,"column":35}},"129":{"start":{"line":130,"column":0},"end":{"line":130,"column":27}},"130":{"start":{"line":131,"column":0},"end":{"line":131,"column":13}},"131":{"start":{"line":132,"column":0},"end":{"line":132,"column":9}},"132":{"start":{"line":133,"column":0},"end":{"line":133,"column":0}},"133":{"start":{"line":134,"column":0},"end":{"line":134,"column":27}},"134":{"start":{"line":135,"column":0},"end":{"line":135,"column":5}},"135":{"start":{"line":136,"column":0},"end":{"line":136,"column":17}},"136":{"start":{"line":137,"column":0},"end":{"line":137,"column":0}},"137":{"start":{"line":138,"column":0},"end":{"line":138,"column":21}},"138":{"start":{"line":139,"column":0},"end":{"line":139,"column":31}},"139":{"start":{"line":140,"column":0},"end":{"line":140,"column":25}},"140":{"start":{"line":141,"column":0},"end":{"line":141,"column":14}},"141":{"start":{"line":142,"column":0},"end":{"line":142,"column":46}},"142":{"start":{"line":143,"column":0},"end":{"line":143,"column":70}},"143":{"start":{"line":144,"column":0},"end":{"line":144,"column":32}},"144":{"start":{"line":145,"column":0},"end":{"line":145,"column":25}},"145":{"start":{"line":146,"column":0},"end":{"line":146,"column":109}},"146":{"start":{"line":147,"column":0},"end":{"line":147,"column":22}},"147":{"start":{"line":148,"column":0},"end":{"line":148,"column":0}},"148":{"start":{"line":149,"column":0},"end":{"line":149,"column":44}},"149":{"start":{"line":150,"column":0},"end":{"line":150,"column":106}},"150":{"start":{"line":151,"column":0},"end":{"line":151,"column":22}},"151":{"start":{"line":152,"column":0},"end":{"line":152,"column":15}},"152":{"start":{"line":153,"column":0},"end":{"line":153,"column":9}},"153":{"start":{"line":154,"column":0},"end":{"line":154,"column":42}},"154":{"start":{"line":155,"column":0},"end":{"line":155,"column":25}},"155":{"start":{"line":156,"column":0},"end":{"line":156,"column":14}},"156":{"start":{"line":157,"column":0},"end":{"line":157,"column":46}},"157":{"start":{"line":158,"column":0},"end":{"line":158,"column":70}},"158":{"start":{"line":159,"column":0},"end":{"line":159,"column":32}},"159":{"start":{"line":160,"column":0},"end":{"line":160,"column":25}},"160":{"start":{"line":161,"column":0},"end":{"line":161,"column":109}},"161":{"start":{"line":162,"column":0},"end":{"line":162,"column":22}},"162":{"start":{"line":163,"column":0},"end":{"line":163,"column":0}},"163":{"start":{"line":164,"column":0},"end":{"line":164,"column":44}},"164":{"start":{"line":165,"column":0},"end":{"line":165,"column":46}},"165":{"start":{"line":166,"column":0},"end":{"line":166,"column":45}},"166":{"start":{"line":167,"column":0},"end":{"line":167,"column":31}},"167":{"start":{"line":168,"column":0},"end":{"line":168,"column":30}},"168":{"start":{"line":169,"column":0},"end":{"line":169,"column":45}},"169":{"start":{"line":170,"column":0},"end":{"line":170,"column":76}},"170":{"start":{"line":171,"column":0},"end":{"line":171,"column":70}},"171":{"start":{"line":172,"column":0},"end":{"line":172,"column":33}},"172":{"start":{"line":173,"column":0},"end":{"line":173,"column":71}},"173":{"start":{"line":174,"column":0},"end":{"line":174,"column":59}},"174":{"start":{"line":175,"column":0},"end":{"line":175,"column":76}},"175":{"start":{"line":176,"column":0},"end":{"line":176,"column":69}},"176":{"start":{"line":177,"column":0},"end":{"line":177,"column":53}},"177":{"start":{"line":178,"column":0},"end":{"line":178,"column":41}},"178":{"start":{"line":179,"column":0},"end":{"line":179,"column":37}},"179":{"start":{"line":180,"column":0},"end":{"line":180,"column":33}},"180":{"start":{"line":181,"column":0},"end":{"line":181,"column":0}},"181":{"start":{"line":182,"column":0},"end":{"line":182,"column":37}},"182":{"start":{"line":183,"column":0},"end":{"line":183,"column":30}},"183":{"start":{"line":184,"column":0},"end":{"line":184,"column":26}},"184":{"start":{"line":185,"column":0},"end":{"line":185,"column":0}},"185":{"start":{"line":186,"column":0},"end":{"line":186,"column":46}},"186":{"start":{"line":187,"column":0},"end":{"line":187,"column":45}},"187":{"start":{"line":188,"column":0},"end":{"line":188,"column":77}},"188":{"start":{"line":189,"column":0},"end":{"line":189,"column":36}},"189":{"start":{"line":190,"column":0},"end":{"line":190,"column":36}},"190":{"start":{"line":191,"column":0},"end":{"line":191,"column":30}},"191":{"start":{"line":192,"column":0},"end":{"line":192,"column":45}},"192":{"start":{"line":193,"column":0},"end":{"line":193,"column":95}},"193":{"start":{"line":194,"column":0},"end":{"line":194,"column":102}},"194":{"start":{"line":195,"column":0},"end":{"line":195,"column":30}},"195":{"start":{"line":196,"column":0},"end":{"line":196,"column":26}},"196":{"start":{"line":197,"column":0},"end":{"line":197,"column":46}},"197":{"start":{"line":198,"column":0},"end":{"line":198,"column":45}},"198":{"start":{"line":199,"column":0},"end":{"line":199,"column":77}},"199":{"start":{"line":200,"column":0},"end":{"line":200,"column":39}},"200":{"start":{"line":201,"column":0},"end":{"line":201,"column":36}},"201":{"start":{"line":202,"column":0},"end":{"line":202,"column":30}},"202":{"start":{"line":203,"column":0},"end":{"line":203,"column":45}},"203":{"start":{"line":204,"column":0},"end":{"line":204,"column":95}},"204":{"start":{"line":205,"column":0},"end":{"line":205,"column":116}},"205":{"start":{"line":206,"column":0},"end":{"line":206,"column":30}},"206":{"start":{"line":207,"column":0},"end":{"line":207,"column":26}},"207":{"start":{"line":208,"column":0},"end":{"line":208,"column":41}},"208":{"start":{"line":209,"column":0},"end":{"line":209,"column":47}},"209":{"start":{"line":210,"column":0},"end":{"line":210,"column":45}},"210":{"start":{"line":211,"column":0},"end":{"line":211,"column":73}},"211":{"start":{"line":212,"column":0},"end":{"line":212,"column":113}},"212":{"start":{"line":213,"column":0},"end":{"line":213,"column":115}},"213":{"start":{"line":214,"column":0},"end":{"line":214,"column":89}},"214":{"start":{"line":215,"column":0},"end":{"line":215,"column":46}},"215":{"start":{"line":216,"column":0},"end":{"line":216,"column":40}},"216":{"start":{"line":217,"column":0},"end":{"line":217,"column":34}},"217":{"start":{"line":218,"column":0},"end":{"line":218,"column":30}},"218":{"start":{"line":219,"column":0},"end":{"line":219,"column":26}},"219":{"start":{"line":220,"column":0},"end":{"line":220,"column":0}},"220":{"start":{"line":221,"column":0},"end":{"line":221,"column":72}},"221":{"start":{"line":222,"column":0},"end":{"line":222,"column":27}},"222":{"start":{"line":223,"column":0},"end":{"line":223,"column":58}},"223":{"start":{"line":224,"column":0},"end":{"line":224,"column":28}},"224":{"start":{"line":225,"column":0},"end":{"line":225,"column":27}},"225":{"start":{"line":226,"column":0},"end":{"line":226,"column":88}},"226":{"start":{"line":227,"column":0},"end":{"line":227,"column":28}},"227":{"start":{"line":228,"column":0},"end":{"line":228,"column":27}},"228":{"start":{"line":229,"column":0},"end":{"line":229,"column":67}},"229":{"start":{"line":230,"column":0},"end":{"line":230,"column":28}},"230":{"start":{"line":231,"column":0},"end":{"line":231,"column":26}},"231":{"start":{"line":232,"column":0},"end":{"line":232,"column":0}},"232":{"start":{"line":233,"column":0},"end":{"line":233,"column":22}},"233":{"start":{"line":234,"column":0},"end":{"line":234,"column":15}},"234":{"start":{"line":235,"column":0},"end":{"line":235,"column":9}},"235":{"start":{"line":236,"column":0},"end":{"line":236,"column":5}},"236":{"start":{"line":237,"column":0},"end":{"line":237,"column":0}},"237":{"start":{"line":238,"column":0},"end":{"line":238,"column":12}},"238":{"start":{"line":239,"column":0},"end":{"line":239,"column":10}},"239":{"start":{"line":240,"column":0},"end":{"line":240,"column":96}},"240":{"start":{"line":241,"column":0},"end":{"line":241,"column":107}},"241":{"start":{"line":242,"column":0},"end":{"line":242,"column":18}},"242":{"start":{"line":243,"column":0},"end":{"line":243,"column":26}},"243":{"start":{"line":244,"column":0},"end":{"line":244,"column":18}},"244":{"start":{"line":245,"column":0},"end":{"line":245,"column":113}},"245":{"start":{"line":246,"column":0},"end":{"line":246,"column":58}},"246":{"start":{"line":247,"column":0},"end":{"line":247,"column":30}},"247":{"start":{"line":248,"column":0},"end":{"line":248,"column":42}},"248":{"start":{"line":249,"column":0},"end":{"line":249,"column":29}},"249":{"start":{"line":250,"column":0},"end":{"line":250,"column":26}},"250":{"start":{"line":251,"column":0},"end":{"line":251,"column":119}},"251":{"start":{"line":252,"column":0},"end":{"line":252,"column":59}},"252":{"start":{"line":253,"column":0},"end":{"line":253,"column":30}},"253":{"start":{"line":254,"column":0},"end":{"line":254,"column":32}},"254":{"start":{"line":255,"column":0},"end":{"line":255,"column":29}},"255":{"start":{"line":256,"column":0},"end":{"line":256,"column":20}},"256":{"start":{"line":257,"column":0},"end":{"line":257,"column":62}},"257":{"start":{"line":258,"column":0},"end":{"line":258,"column":14}},"258":{"start":{"line":259,"column":0},"end":{"line":259,"column":26}},"259":{"start":{"line":260,"column":0},"end":{"line":260,"column":30}},"260":{"start":{"line":261,"column":0},"end":{"line":261,"column":61}},"261":{"start":{"line":262,"column":0},"end":{"line":262,"column":14}},"262":{"start":{"line":263,"column":0},"end":{"line":263,"column":11}},"263":{"start":{"line":264,"column":0},"end":{"line":264,"column":5}},"264":{"start":{"line":265,"column":0},"end":{"line":265,"column":1}},"265":{"start":{"line":266,"column":0},"end":{"line":266,"column":0}},"266":{"start":{"line":267,"column":0},"end":{"line":267,"column":21}}},"s":{"0":1,"1":1,"2":1,"3":1,"4":1,"5":1,"6":1,"7":1,"8":1,"9":1,"10":1,"11":215,"12":215,"13":215,"14":215,"15":215,"16":4558,"17":4558,"18":4558,"19":4558,"20":4558,"21":215,"22":215,"23":215,"24":215,"25":215,"26":215,"27":1,"28":47,"29":47,"30":47,"31":47,"32":47,"33":47,"34":47,"35":47,"36":47,"37":47,"38":47,"39":47,"40":47,"41":8,"42":6,"43":6,"44":8,"45":47,"46":16,"47":16,"48":47,"49":47,"50":28,"51":28,"52":28,"53":28,"54":20,"55":20,"56":20,"57":20,"58":12,"59":28,"60":28,"61":20,"62":20,"63":20,"64":20,"65":20,"66":20,"67":20,"68":20,"69":2,"70":2,"71":0,"72":2,"73":2,"74":2,"75":20,"76":18,"77":18,"78":4,"79":18,"80":14,"81":14,"82":18,"83":20,"84":20,"85":20,"86":28,"87":47,"88":47,"89":47,"90":4,"91":4,"92":4,"93":4,"94":47,"95":0,"96":0,"97":0,"98":0,"99":0,"100":0,"101":0,"102":47,"103":4,"104":4,"105":4,"106":4,"107":2,"108":2,"109":0,"110":0,"111":2,"112":0,"113":2,"114":2,"115":2,"116":2,"117":0,"118":0,"119":2,"120":0,"121":2,"122":2,"123":4,"124":4,"125":4,"126":14,"127":14,"128":14,"129":14,"130":14,"131":14,"132":4,"133":4,"134":4,"135":47,"136":47,"137":47,"138":47,"139":2,"140":2,"141":2,"142":2,"143":2,"144":2,"145":2,"146":2,"147":2,"148":2,"149":2,"150":2,"151":2,"152":2,"153":47,"154":43,"155":43,"156":43,"157":43,"158":43,"159":43,"160":43,"161":43,"162":43,"163":43,"164":43,"165":43,"166":43,"167":43,"168":43,"169":43,"170":43,"171":43,"172":43,"173":43,"174":215,"175":215,"176":215,"177":43,"178":43,"179":43,"180":43,"181":43,"182":43,"183":43,"184":43,"185":43,"186":43,"187":43,"188":43,"189":43,"190":43,"191":43,"192":43,"193":43,"194":43,"195":43,"196":43,"197":43,"198":43,"199":43,"200":43,"201":43,"202":43,"203":43,"204":43,"205":43,"206":43,"207":43,"208":43,"209":43,"210":43,"211":43,"212":43,"213":43,"214":43,"215":43,"216":43,"217":43,"218":43,"219":43,"220":43,"221":43,"222":43,"223":43,"224":43,"225":43,"226":43,"227":43,"228":43,"229":43,"230":43,"231":43,"232":43,"233":43,"234":43,"235":43,"236":47,"237":47,"238":47,"239":47,"240":47,"241":47,"242":47,"243":47,"244":47,"245":47,"246":47,"247":47,"248":47,"249":47,"250":47,"251":47,"252":47,"253":47,"254":47,"255":47,"256":47,"257":47,"258":47,"259":47,"260":47,"261":47,"262":47,"263":47,"264":47,"265":1,"266":1},"branchMap":{"0":{"type":"branch","line":12,"loc":{"start":{"line":12,"column":0},"end":{"line":27,"column":1}},"locations":[{"start":{"line":12,"column":0},"end":{"line":27,"column":1}}]},"1":{"type":"branch","line":16,"loc":{"start":{"line":16,"column":8},"end":{"line":21,"column":13}},"locations":[{"start":{"line":16,"column":8},"end":{"line":21,"column":13}}]},"2":{"type":"branch","line":19,"loc":{"start":{"line":19,"column":16},"end":{"line":19,"column":70}},"locations":[{"start":{"line":19,"column":16},"end":{"line":19,"column":70}}]},"3":{"type":"branch","line":29,"loc":{"start":{"line":29,"column":0},"end":{"line":265,"column":1}},"locations":[{"start":{"line":29,"column":0},"end":{"line":265,"column":1}}]},"4":{"type":"branch","line":139,"loc":{"start":{"line":139,"column":30},"end":{"line":154,"column":15}},"locations":[{"start":{"line":139,"column":30},"end":{"line":154,"column":15}}]},"5":{"type":"branch","line":154,"loc":{"start":{"line":154,"column":4},"end":{"line":236,"column":5}},"locations":[{"start":{"line":154,"column":4},"end":{"line":236,"column":5}}]},"6":{"type":"branch","line":154,"loc":{"start":{"line":154,"column":41},"end":{"line":236,"column":5}},"locations":[{"start":{"line":154,"column":41},"end":{"line":236,"column":5}}]},"7":{"type":"branch","line":41,"loc":{"start":{"line":41,"column":4},"end":{"line":45,"column":5}},"locations":[{"start":{"line":41,"column":4},"end":{"line":45,"column":5}}]},"8":{"type":"branch","line":42,"loc":{"start":{"line":42,"column":28},"end":{"line":44,"column":9}},"locations":[{"start":{"line":42,"column":28},"end":{"line":44,"column":9}}]},"9":{"type":"branch","line":46,"loc":{"start":{"line":46,"column":4},"end":{"line":48,"column":5}},"locations":[{"start":{"line":46,"column":4},"end":{"line":48,"column":5}}]},"10":{"type":"branch","line":50,"loc":{"start":{"line":50,"column":4},"end":{"line":87,"column":5}},"locations":[{"start":{"line":50,"column":4},"end":{"line":87,"column":5}}]},"11":{"type":"branch","line":54,"loc":{"start":{"line":54,"column":28},"end":{"line":59,"column":43}},"locations":[{"start":{"line":54,"column":28},"end":{"line":59,"column":43}}]},"12":{"type":"branch","line":58,"loc":{"start":{"line":58,"column":16},"end":{"line":59,"column":43}},"locations":[{"start":{"line":58,"column":16},"end":{"line":59,"column":43}}]},"13":{"type":"branch","line":61,"loc":{"start":{"line":61,"column":10},"end":{"line":86,"column":9}},"locations":[{"start":{"line":61,"column":10},"end":{"line":86,"column":9}}]},"14":{"type":"branch","line":69,"loc":{"start":{"line":69,"column":31},"end":{"line":76,"column":19}},"locations":[{"start":{"line":69,"column":31},"end":{"line":76,"column":19}}]},"15":{"type":"branch","line":71,"loc":{"start":{"line":71,"column":38},"end":{"line":73,"column":23}},"locations":[{"start":{"line":71,"column":38},"end":{"line":73,"column":23}}]},"16":{"type":"branch","line":76,"loc":{"start":{"line":76,"column":12},"end":{"line":83,"column":13}},"locations":[{"start":{"line":76,"column":12},"end":{"line":83,"column":13}}]},"17":{"type":"branch","line":78,"loc":{"start":{"line":78,"column":38},"end":{"line":80,"column":23}},"locations":[{"start":{"line":78,"column":38},"end":{"line":80,"column":23}}]},"18":{"type":"branch","line":80,"loc":{"start":{"line":80,"column":16},"end":{"line":82,"column":17}},"locations":[{"start":{"line":80,"column":16},"end":{"line":82,"column":17}}]},"19":{"type":"branch","line":90,"loc":{"start":{"line":90,"column":4},"end":{"line":94,"column":5}},"locations":[{"start":{"line":90,"column":4},"end":{"line":94,"column":5}}]},"20":{"type":"branch","line":103,"loc":{"start":{"line":103,"column":4},"end":{"line":135,"column":5}},"locations":[{"start":{"line":103,"column":4},"end":{"line":135,"column":5}}]},"21":{"type":"branch","line":107,"loc":{"start":{"line":107,"column":31},"end":{"line":123,"column":9}},"locations":[{"start":{"line":107,"column":31},"end":{"line":123,"column":9}}]},"22":{"type":"branch","line":108,"loc":{"start":{"line":108,"column":30},"end":{"line":108,"column":36}},"locations":[{"start":{"line":108,"column":30},"end":{"line":108,"column":36}}]},"23":{"type":"branch","line":109,"loc":{"start":{"line":109,"column":25},"end":{"line":111,"column":13}},"locations":[{"start":{"line":109,"column":25},"end":{"line":111,"column":13}}]},"24":{"type":"branch","line":112,"loc":{"start":{"line":112,"column":18},"end":{"line":113,"column":41}},"locations":[{"start":{"line":112,"column":18},"end":{"line":113,"column":41}}]},"25":{"type":"branch","line":116,"loc":{"start":{"line":116,"column":30},"end":{"line":116,"column":36}},"locations":[{"start":{"line":116,"column":30},"end":{"line":116,"column":36}}]},"26":{"type":"branch","line":117,"loc":{"start":{"line":117,"column":25},"end":{"line":119,"column":13}},"locations":[{"start":{"line":117,"column":25},"end":{"line":119,"column":13}}]},"27":{"type":"branch","line":120,"loc":{"start":{"line":120,"column":18},"end":{"line":121,"column":41}},"locations":[{"start":{"line":120,"column":18},"end":{"line":121,"column":41}}]},"28":{"type":"branch","line":126,"loc":{"start":{"line":126,"column":68},"end":{"line":132,"column":9}},"locations":[{"start":{"line":126,"column":68},"end":{"line":132,"column":9}}]},"29":{"type":"branch","line":174,"loc":{"start":{"line":174,"column":40},"end":{"line":177,"column":53}},"locations":[{"start":{"line":174,"column":40},"end":{"line":177,"column":53}}]},"30":{"type":"branch","line":194,"loc":{"start":{"line":194,"column":63},"end":{"line":194,"column":100}},"locations":[{"start":{"line":194,"column":63},"end":{"line":194,"column":100}}]},"31":{"type":"branch","line":205,"loc":{"start":{"line":205,"column":66},"end":{"line":205,"column":114}},"locations":[{"start":{"line":205,"column":66},"end":{"line":205,"column":114}}]},"32":{"type":"branch","line":213,"loc":{"start":{"line":213,"column":71},"end":{"line":213,"column":113}},"locations":[{"start":{"line":213,"column":71},"end":{"line":213,"column":113}}]},"33":{"type":"branch","line":245,"loc":{"start":{"line":245,"column":87},"end":{"line":245,"column":113}},"locations":[{"start":{"line":245,"column":87},"end":{"line":245,"column":113}}]},"34":{"type":"branch","line":251,"loc":{"start":{"line":251,"column":89},"end":{"line":251,"column":119}},"locations":[{"start":{"line":251,"column":89},"end":{"line":251,"column":119}}]}},"b":{"0":[215],"1":[4558],"2":[169291],"3":[47],"4":[2],"5":[45],"6":[43],"7":[8],"8":[6],"9":[16],"10":[28],"11":[20],"12":[12],"13":[20],"14":[2],"15":[0],"16":[18],"17":[4],"18":[14],"19":[4],"20":[4],"21":[2],"22":[0],"23":[0],"24":[0],"25":[0],"26":[0],"27":[0],"28":[14],"29":[215],"30":[2],"31":[2],"32":[2],"33":[2],"34":[2]},"fnMap":{"0":{"name":"calc_map_name","decl":{"start":{"line":12,"column":0},"end":{"line":27,"column":1}},"loc":{"start":{"line":12,"column":0},"end":{"line":27,"column":1}},"line":12},"1":{"name":"Editor","decl":{"start":{"line":29,"column":0},"end":{"line":265,"column":1}},"loc":{"start":{"line":29,"column":0},"end":{"line":265,"column":1}},"line":29},"2":{"name":"start_drawing","decl":{"start":{"line":41,"column":4},"end":{"line":45,"column":5}},"loc":{"start":{"line":41,"column":4},"end":{"line":45,"column":5}},"line":41},"3":{"name":"end_drawing","decl":{"start":{"line":46,"column":4},"end":{"line":48,"column":5}},"loc":{"start":{"line":46,"column":4},"end":{"line":48,"column":5}},"line":46},"4":{"name":"on_edit_cell","decl":{"start":{"line":50,"column":4},"end":{"line":87,"column":5}},"loc":{"start":{"line":50,"column":4},"end":{"line":87,"column":5}},"line":50},"5":{"name":"show_modal","decl":{"start":{"line":90,"column":4},"end":{"line":94,"column":5}},"loc":{"start":{"line":90,"column":4},"end":{"line":94,"column":5}},"line":90},"6":{"name":"change_map","decl":{"start":{"line":95,"column":4},"end":{"line":102,"column":5}},"loc":{"start":{"line":95,"column":4},"end":{"line":102,"column":5}},"line":95},"7":{"name":"change_row_col","decl":{"start":{"line":103,"column":4},"end":{"line":135,"column":5}},"loc":{"start":{"line":103,"column":4},"end":{"line":135,"column":5}},"line":103},"8":{"name":"onChange","decl":{"start":{"line":194,"column":63},"end":{"line":194,"column":100}},"loc":{"start":{"line":194,"column":63},"end":{"line":194,"column":100}},"line":194},"9":{"name":"onChange","decl":{"start":{"line":205,"column":66},"end":{"line":205,"column":114}},"loc":{"start":{"line":205,"column":66},"end":{"line":205,"column":114}},"line":205},"10":{"name":"onChange","decl":{"start":{"line":213,"column":71},"end":{"line":213,"column":113}},"loc":{"start":{"line":213,"column":71},"end":{"line":213,"column":113}},"line":213},"11":{"name":"onClick","decl":{"start":{"line":245,"column":87},"end":{"line":245,"column":113}},"loc":{"start":{"line":245,"column":87},"end":{"line":245,"column":113}},"line":245},"12":{"name":"onClick","decl":{"start":{"line":251,"column":89},"end":{"line":251,"column":119}},"loc":{"start":{"line":251,"column":89},"end":{"line":251,"column":119}},"line":251}},"f":{"0":215,"1":47,"2":8,"3":16,"4":28,"5":4,"6":0,"7":4,"8":2,"9":2,"10":2,"11":2,"12":2}}
,"/home/vetalstar/Документы/sync_files/Dokumenti/programmirovanije/zmeja/ships_of_17_century_board_game/ship_game/static/ship_game/components/map/map.jsx": {"path":"/home/vetalstar/Документы/sync_files/Dokumenti/programmirovanije/zmeja/ships_of_17_century_board_game/ship_game/static/ship_game/components/map/map.jsx","all":false,"statementMap":{"0":{"start":{"line":1,"column":0},"end":{"line":1,"column":19}},"1":{"start":{"line":2,"column":0},"end":{"line":2,"column":0}},"2":{"start":{"line":3,"column":0},"end":{"line":3,"column":35}},"3":{"start":{"line":4,"column":0},"end":{"line":4,"column":0}},"4":{"start":{"line":5,"column":0},"end":{"line":5,"column":0}},"5":{"start":{"line":6,"column":0},"end":{"line":6,"column":37}},"6":{"start":{"line":7,"column":0},"end":{"line":7,"column":15}},"7":{"start":{"line":8,"column":0},"end":{"line":8,"column":17}},"8":{"start":{"line":9,"column":0},"end":{"line":9,"column":16}},"9":{"start":{"line":10,"column":0},"end":{"line":10,"column":13}},"10":{"start":{"line":11,"column":0},"end":{"line":11,"column":0}},"11":{"start":{"line":12,"column":0},"end":{"line":12,"column":50}},"12":{"start":{"line":13,"column":0},"end":{"line":13,"column":12}},"13":{"start":{"line":14,"column":0},"end":{"line":14,"column":73}},"14":{"start":{"line":15,"column":0},"end":{"line":15,"column":55}},"15":{"start":{"line":16,"column":0},"end":{"line":16,"column":11}},"16":{"start":{"line":17,"column":0},"end":{"line":17,"column":68}},"17":{"start":{"line":18,"column":0},"end":{"line":18,"column":13}},"18":{"start":{"line":19,"column":0},"end":{"line":19,"column":5}},"19":{"start":{"line":20,"column":0},"end":{"line":20,"column":1}},"20":{"start":{"line":21,"column":0},"end":{"line":21,"column":21}},"21":{"start":{"line":22,"column":0},"end":{"line":22,"column":24}},"22":{"start":{"line":23,"column":0},"end":{"line":23,"column":32}},"23":{"start":{"line":24,"column":0},"end":{"line":24,"column":1}},"24":{"start":{"line":25,"column":0},"end":{"line":25,"column":0}},"25":{"start":{"line":26,"column":0},"end":{"line":26,"column":50}},"26":{"start":{"line":27,"column":0},"end":{"line":27,"column":40}},"27":{"start":{"line":28,"column":0},"end":{"line":28,"column":70}},"28":{"start":{"line":29,"column":0},"end":{"line":29,"column":54}},"29":{"start":{"line":30,"column":0},"end":{"line":30,"column":31}},"30":{"start":{"line":31,"column":0},"end":{"line":31,"column":5}},"31":{"start":{"line":32,"column":0},"end":{"line":32,"column":0}},"32":{"start":{"line":33,"column":0},"end":{"line":33,"column":6}},"33":{"start":{"line":34,"column":0},"end":{"line":34,"column":20}},"34":{"start":{"line":35,"column":0},"end":{"line":35,"column":27}},"35":{"start":{"line":36,"column":0},"end":{"line":36,"column":103}},"36":{"start":{"line":37,"column":0},"end":{"line":37,"column":57}},"37":{"start":{"line":38,"column":0},"end":{"line":38,"column":6}},"38":{"start":{"line":39,"column":0},"end":{"line":39,"column":44}},"39":{"start":{"line":40,"column":0},"end":{"line":40,"column":94}},"40":{"start":{"line":41,"column":0},"end":{"line":41,"column":23}},"41":{"start":{"line":42,"column":0},"end":{"line":42,"column":30}},"42":{"start":{"line":43,"column":0},"end":{"line":43,"column":57}},"43":{"start":{"line":44,"column":0},"end":{"line":44,"column":13}},"44":{"start":{"line":45,"column":0},"end":{"line":45,"column":30}},"45":{"start":{"line":46,"column":0},"end":{"line":46,"column":5}},"46":{"start":{"line":47,"column":0},"end":{"line":47,"column":0}},"47":{"start":{"line":48,"column":0},"end":{"line":48,"column":58}},"48":{"start":{"line":49,"column":0},"end":{"line":49,"column":39}},"49":{"start":{"line":50,"column":0},"end":{"line":50,"column":5}},"50":{"start":{"line":51,"column":0},"end":{"line":51,"column":9}},"51":{"start":{"line":52,"column":0},"end":{"line":52,"column":73}},"52":{"start":{"line":53,"column":0},"end":{"line":53,"column":88}},"53":{"start":{"line":54,"column":0},"end":{"line":54,"column":15}},"54":{"start":{"line":55,"column":0},"end":{"line":55,"column":9}},"55":{"start":{"line":56,"column":0},"end":{"line":56,"column":10}},"56":{"start":{"line":57,"column":0},"end":{"line":57,"column":0}},"57":{"start":{"line":58,"column":0},"end":{"line":58,"column":12}},"58":{"start":{"line":59,"column":0},"end":{"line":59,"column":77}},"59":{"start":{"line":60,"column":0},"end":{"line":60,"column":27}},"60":{"start":{"line":61,"column":0},"end":{"line":61,"column":39}},"61":{"start":{"line":62,"column":0},"end":{"line":62,"column":0}},"62":{"start":{"line":63,"column":0},"end":{"line":63,"column":47}},"63":{"start":{"line":64,"column":0},"end":{"line":64,"column":0}},"64":{"start":{"line":65,"column":0},"end":{"line":65,"column":75}},"65":{"start":{"line":66,"column":0},"end":{"line":66,"column":11}},"66":{"start":{"line":67,"column":0},"end":{"line":67,"column":19}},"67":{"start":{"line":68,"column":0},"end":{"line":68,"column":32}},"68":{"start":{"line":69,"column":0},"end":{"line":69,"column":20}},"69":{"start":{"line":70,"column":0},"end":{"line":70,"column":16}},"70":{"start":{"line":71,"column":0},"end":{"line":71,"column":5}},"71":{"start":{"line":72,"column":0},"end":{"line":72,"column":1}},"72":{"start":{"line":73,"column":0},"end":{"line":73,"column":21}},"73":{"start":{"line":74,"column":0},"end":{"line":74,"column":29}},"74":{"start":{"line":75,"column":0},"end":{"line":75,"column":26}},"75":{"start":{"line":76,"column":0},"end":{"line":76,"column":23}},"76":{"start":{"line":77,"column":0},"end":{"line":77,"column":21}},"77":{"start":{"line":78,"column":0},"end":{"line":78,"column":17}},"78":{"start":{"line":79,"column":0},"end":{"line":79,"column":39}},"79":{"start":{"line":80,"column":0},"end":{"line":80,"column":32}},"80":{"start":{"line":81,"column":0},"end":{"line":81,"column":1}},"81":{"start":{"line":82,"column":0},"end":{"line":82,"column":0}},"82":{"start":{"line":83,"column":0},"end":{"line":83,"column":22}}},"s":{"0":1,"1":1,"2":1,"3":1,"4":1,"5":1,"6":1,"7":1,"8":1,"9":1,"10":1,"11":1,"12":4557,"13":4557,"14":4557,"15":4557,"16":4557,"17":4557,"18":4557,"19":4557,"20":1,"21":1,"22":1,"23":1,"24":1,"25":34,"26":34,"27":8,"28":8,"29":8,"30":8,"31":34,"32":34,"33":34,"34":34,"35":34,"36":34,"37":34,"38":34,"39":34,"40":34,"41":34,"42":33,"43":1,"44":1,"45":34,"46":34,"47":34,"48":204,"49":204,"50":204,"51":204,"52":4553,"53":204,"54":204,"55":34,"56":34,"57":34,"58":34,"59":34,"60":34,"61":34,"62":34,"63":34,"64":34,"65":34,"66":34,"67":34,"68":34,"69":34,"70":34,"71":34,"72":1,"73":1,"74":1,"75":1,"76":1,"77":1,"78":1,"79":1,"80":1,"81":1,"82":1},"branchMap":{"0":{"type":"branch","line":12,"loc":{"start":{"line":12,"column":7},"end":{"line":20,"column":1}},"locations":[{"start":{"line":12,"column":7},"end":{"line":20,"column":1}}]},"1":{"type":"branch","line":15,"loc":{"start":{"line":15,"column":31},"end":{"line":15,"column":55}},"locations":[{"start":{"line":15,"column":31},"end":{"line":15,"column":55}}]},"2":{"type":"branch","line":17,"loc":{"start":{"line":17,"column":24},"end":{"line":17,"column":68}},"locations":[{"start":{"line":17,"column":24},"end":{"line":17,"column":68}}]},"3":{"type":"branch","line":26,"loc":{"start":{"line":26,"column":0},"end":{"line":72,"column":1}},"locations":[{"start":{"line":26,"column":0},"end":{"line":72,"column":1}}]},"4":{"type":"branch","line":42,"loc":{"start":{"line":42,"column":16},"end":{"line":43,"column":57}},"locations":[{"start":{"line":42,"column":16},"end":{"line":43,"column":57}}]},"5":{"type":"branch","line":43,"loc":{"start":{"line":43,"column":30},"end":{"line":45,"column":30}},"locations":[{"start":{"line":43,"column":30},"end":{"line":45,"column":30}}]},"6":{"type":"branch","line":65,"loc":{"start":{"line":65,"column":28},"end":{"line":65,"column":75}},"locations":[{"start":{"line":65,"column":28},"end":{"line":65,"column":75}}]},"7":{"type":"branch","line":27,"loc":{"start":{"line":27,"column":4},"end":{"line":31,"column":5}},"locations":[{"start":{"line":27,"column":4},"end":{"line":31,"column":5}}]},"8":{"type":"branch","line":48,"loc":{"start":{"line":48,"column":37},"end":{"line":56,"column":9}},"locations":[{"start":{"line":48,"column":37},"end":{"line":56,"column":9}}]},"9":{"type":"branch","line":52,"loc":{"start":{"line":52,"column":20},"end":{"line":54,"column":14}},"locations":[{"start":{"line":52,"column":20},"end":{"line":54,"column":14}}]},"10":{"type":"branch","line":53,"loc":{"start":{"line":53,"column":29},"end":{"line":53,"column":88}},"locations":[{"start":{"line":53,"column":29},"end":{"line":53,"column":88}}]},"11":{"type":"branch","line":53,"loc":{"start":{"line":53,"column":46},"end":{"line":53,"column":88}},"locations":[{"start":{"line":53,"column":46},"end":{"line":53,"column":88}}]}},"b":{"0":[4557],"1":[2372],"2":[37],"3":[34],"4":[33],"5":[1],"6":[33],"7":[8],"8":[204],"9":[4553],"10":[4544],"11":[28]},"fnMap":{"0":{"name":"MapCell","decl":{"start":{"line":12,"column":7},"end":{"line":20,"column":1}},"loc":{"start":{"line":12,"column":7},"end":{"line":20,"column":1}},"line":12},"1":{"name":"ShipMap","decl":{"start":{"line":26,"column":0},"end":{"line":72,"column":1}},"loc":{"start":{"line":26,"column":0},"end":{"line":72,"column":1}},"line":26},"2":{"name":"prevent_ctrl_click","decl":{"start":{"line":27,"column":4},"end":{"line":31,"column":5}},"loc":{"start":{"line":27,"column":4},"end":{"line":31,"column":5}},"line":27},"3":{"name":"__vite_ssr_import_0__.jsxDEV.toggle_cell","decl":{"start":{"line":53,"column":46},"end":{"line":53,"column":88}},"loc":{"start":{"line":53,"column":46},"end":{"line":53,"column":88}},"line":53}},"f":{"0":4557,"1":34,"2":8,"3":28}}
,"/home/vetalstar/Документы/sync_files/Dokumenti/programmirovanije/zmeja/ships_of_17_century_board_game/ship_game/static/ship_game/components/map_data/data.js": {"path":"/home/vetalstar/Документы/sync_files/Dokumenti/programmirovanije/zmeja/ships_of_17_century_board_game/ship_game/static/ship_game/components/map_data/data.js","all":false,"statementMap":{"0":{"start":{"line":1,"column":0},"end":{"line":1,"column":90}},"1":{"start":{"line":2,"column":0},"end":{"line":2,"column":95}},"2":{"start":{"line":3,"column":0},"end":{"line":3,"column":110}},"3":{"start":{"line":4,"column":0},"end":{"line":4,"column":98}},"4":{"start":{"line":5,"column":0},"end":{"line":5,"column":0}},"5":{"start":{"line":6,"column":0},"end":{"line":6,"column":0}},"6":{"start":{"line":7,"column":0},"end":{"line":7,"column":16}},"7":{"start":{"line":8,"column":0},"end":{"line":8,"column":0}},"8":{"start":{"line":9,"column":0},"end":{"line":9,"column":38}},"9":{"start":{"line":10,"column":0},"end":{"line":10,"column":0}},"10":{"start":{"line":11,"column":0},"end":{"line":11,"column":21}},"11":{"start":{"line":12,"column":0},"end":{"line":12,"column":32}},"12":{"start":{"line":13,"column":0},"end":{"line":13,"column":27}},"13":{"start":{"line":14,"column":0},"end":{"line":14,"column":16}},"14":{"start":{"line":15,"column":0},"end":{"line":15,"column":93}},"15":{"start":{"line":16,"column":0},"end":{"line":16,"column":93}},"16":{"start":{"line":17,"column":0},"end":{"line":17,"column":93}},"17":{"start":{"line":18,"column":0},"end":{"line":18,"column":93}},"18":{"start":{"line":19,"column":0},"end":{"line":19,"column":93}},"19":{"start":{"line":20,"column":0},"end":{"line":20,"column":93}},"20":{"start":{"line":21,"column":0},"end":{"line":21,"column":93}},"21":{"start":{"line":22,"column":0},"end":{"line":22,"column":93}},"22":{"start":{"line":23,"column":0},"end":{"line":23,"column":93}},"23":{"start":{"line":24,"column":0},"end":{"line":24,"column":10}},"24":{"start":{"line":25,"column":0},"end":{"line":25,"column":6}},"25":{"start":{"line":26,"column":0},"end":{"line":26,"column":22}},"26":{"start":{"line":27,"column":0},"end":{"line":27,"column":32}},"27":{"start":{"line":28,"column":0},"end":{"line":28,"column":27}},"28":{"start":{"line":29,"column":0},"end":{"line":29,"column":16}},"29":{"start":{"line":30,"column":0},"end":{"line":30,"column":253}},"30":{"start":{"line":31,"column":0},"end":{"line":31,"column":253}},"31":{"start":{"line":32,"column":0},"end":{"line":32,"column":253}},"32":{"start":{"line":33,"column":0},"end":{"line":33,"column":253}},"33":{"start":{"line":34,"column":0},"end":{"line":34,"column":253}},"34":{"start":{"line":35,"column":0},"end":{"line":35,"column":253}},"35":{"start":{"line":36,"column":0},"end":{"line":36,"column":253}},"36":{"start":{"line":37,"column":0},"end":{"line":37,"column":253}},"37":{"start":{"line":38,"column":0},"end":{"line":38,"column":253}},"38":{"start":{"line":39,"column":0},"end":{"line":39,"column":253}},"39":{"start":{"line":40,"column":0},"end":{"line":40,"column":253}},"40":{"start":{"line":41,"column":0},"end":{"line":41,"column":253}},"41":{"start":{"line":42,"column":0},"end":{"line":42,"column":253}},"42":{"start":{"line":43,"column":0},"end":{"line":43,"column":253}},"43":{"start":{"line":44,"column":0},"end":{"line":44,"column":253}},"44":{"start":{"line":45,"column":0},"end":{"line":45,"column":253}},"45":{"start":{"line":46,"column":0},"end":{"line":46,"column":253}},"46":{"start":{"line":47,"column":0},"end":{"line":47,"column":253}},"47":{"start":{"line":48,"column":0},"end":{"line":48,"column":253}},"48":{"start":{"line":49,"column":0},"end":{"line":49,"column":253}},"49":{"start":{"line":50,"column":0},"end":{"line":50,"column":253}},"50":{"start":{"line":51,"column":0},"end":{"line":51,"column":253}},"51":{"start":{"line":52,"column":0},"end":{"line":52,"column":253}},"52":{"start":{"line":53,"column":0},"end":{"line":53,"column":253}},"53":{"start":{"line":54,"column":0},"end":{"line":54,"column":253}},"54":{"start":{"line":55,"column":0},"end":{"line":55,"column":253}},"55":{"start":{"line":56,"column":0},"end":{"line":56,"column":252}},"56":{"start":{"line":57,"column":0},"end":{"line":57,"column":10}},"57":{"start":{"line":58,"column":0},"end":{"line":58,"column":6}},"58":{"start":{"line":59,"column":0},"end":{"line":59,"column":0}},"59":{"start":{"line":60,"column":0},"end":{"line":60,"column":13}},"60":{"start":{"line":61,"column":0},"end":{"line":61,"column":31}},"61":{"start":{"line":62,"column":0},"end":{"line":62,"column":24}},"62":{"start":{"line":63,"column":0},"end":{"line":63,"column":16}},"63":{"start":{"line":64,"column":0},"end":{"line":64,"column":253}},"64":{"start":{"line":65,"column":0},"end":{"line":65,"column":253}},"65":{"start":{"line":66,"column":0},"end":{"line":66,"column":253}},"66":{"start":{"line":67,"column":0},"end":{"line":67,"column":253}},"67":{"start":{"line":68,"column":0},"end":{"line":68,"column":253}},"68":{"start":{"line":69,"column":0},"end":{"line":69,"column":253}},"69":{"start":{"line":70,"column":0},"end":{"line":70,"column":253}},"70":{"start":{"line":71,"column":0},"end":{"line":71,"column":253}},"71":{"start":{"line":72,"column":0},"end":{"line":72,"column":253}},"72":{"start":{"line":73,"column":0},"end":{"line":73,"column":253}},"73":{"start":{"line":74,"column":0},"end":{"line":74,"column":253}},"74":{"start":{"line":75,"column":0},"end":{"line":75,"column":253}},"75":{"start":{"line":76,"column":0},"end":{"line":76,"column":253}},"76":{"start":{"line":77,"column":0},"end":{"line":77,"column":253}},"77":{"start":{"line":78,"column":0},"end":{"line":78,"column":253}},"78":{"start":{"line":79,"column":0},"end":{"line":79,"column":253}},"79":{"start":{"line":80,"column":0},"end":{"line":80,"column":253}},"80":{"start":{"line":81,"column":0},"end":{"line":81,"column":253}},"81":{"start":{"line":82,"column":0},"end":{"line":82,"column":253}},"82":{"start":{"line":83,"column":0},"end":{"line":83,"column":253}},"83":{"start":{"line":84,"column":0},"end":{"line":84,"column":253}},"84":{"start":{"line":85,"column":0},"end":{"line":85,"column":253}},"85":{"start":{"line":86,"column":0},"end":{"line":86,"column":253}},"86":{"start":{"line":87,"column":0},"end":{"line":87,"column":253}},"87":{"start":{"line":88,"column":0},"end":{"line":88,"column":253}},"88":{"start":{"line":89,"column":0},"end":{"line":89,"column":253}},"89":{"start":{"line":90,"column":0},"end":{"line":90,"column":252}},"90":{"start":{"line":91,"column":0},"end":{"line":91,"column":9}},"91":{"start":{"line":92,"column":0},"end":{"line":92,"column":6}},"92":{"start":{"line":93,"column":0},"end":{"line":93,"column":13}},"93":{"start":{"line":94,"column":0},"end":{"line":94,"column":34}},"94":{"start":{"line":95,"column":0},"end":{"line":95,"column":27}},"95":{"start":{"line":96,"column":0},"end":{"line":96,"column":16}},"96":{"start":{"line":97,"column":0},"end":{"line":97,"column":173}},"97":{"start":{"line":98,"column":0},"end":{"line":98,"column":173}},"98":{"start":{"line":99,"column":0},"end":{"line":99,"column":173}},"99":{"start":{"line":100,"column":0},"end":{"line":100,"column":173}},"100":{"start":{"line":101,"column":0},"end":{"line":101,"column":173}},"101":{"start":{"line":102,"column":0},"end":{"line":102,"column":173}},"102":{"start":{"line":103,"column":0},"end":{"line":103,"column":173}},"103":{"start":{"line":104,"column":0},"end":{"line":104,"column":173}},"104":{"start":{"line":105,"column":0},"end":{"line":105,"column":173}},"105":{"start":{"line":106,"column":0},"end":{"line":106,"column":173}},"106":{"start":{"line":107,"column":0},"end":{"line":107,"column":173}},"107":{"start":{"line":108,"column":0},"end":{"line":108,"column":173}},"108":{"start":{"line":109,"column":0},"end":{"line":109,"column":173}},"109":{"start":{"line":110,"column":0},"end":{"line":110,"column":173}},"110":{"start":{"line":111,"column":0},"end":{"line":111,"column":173}},"111":{"start":{"line":112,"column":0},"end":{"line":112,"column":173}},"112":{"start":{"line":113,"column":0},"end":{"line":113,"column":173}},"113":{"start":{"line":114,"column":0},"end":{"line":114,"column":172}},"114":{"start":{"line":115,"column":0},"end":{"line":115,"column":9}},"115":{"start":{"line":116,"column":0},"end":{"line":116,"column":6}},"116":{"start":{"line":117,"column":0},"end":{"line":117,"column":20}},"117":{"start":{"line":118,"column":0},"end":{"line":118,"column":42}},"118":{"start":{"line":119,"column":0},"end":{"line":119,"column":34}},"119":{"start":{"line":120,"column":0},"end":{"line":120,"column":16}},"120":{"start":{"line":121,"column":0},"end":{"line":121,"column":138}},"121":{"start":{"line":122,"column":0},"end":{"line":122,"column":138}},"122":{"start":{"line":123,"column":0},"end":{"line":123,"column":138}},"123":{"start":{"line":124,"column":0},"end":{"line":124,"column":138}},"124":{"start":{"line":125,"column":0},"end":{"line":125,"column":138}},"125":{"start":{"line":126,"column":0},"end":{"line":126,"column":138}},"126":{"start":{"line":127,"column":0},"end":{"line":127,"column":138}},"127":{"start":{"line":128,"column":0},"end":{"line":128,"column":138}},"128":{"start":{"line":129,"column":0},"end":{"line":129,"column":138}},"129":{"start":{"line":130,"column":0},"end":{"line":130,"column":138}},"130":{"start":{"line":131,"column":0},"end":{"line":131,"column":138}},"131":{"start":{"line":132,"column":0},"end":{"line":132,"column":138}},"132":{"start":{"line":133,"column":0},"end":{"line":133,"column":138}},"133":{"start":{"line":134,"column":0},"end":{"line":134,"column":138}},"134":{"start":{"line":135,"column":0},"end":{"line":135,"column":138}},"135":{"start":{"line":136,"column":0},"end":{"line":136,"column":138}},"136":{"start":{"line":137,"column":0},"end":{"line":137,"column":138}},"137":{"start":{"line":138,"column":0},"end":{"line":138,"column":138}},"138":{"start":{"line":139,"column":0},"end":{"line":139,"column":138}},"139":{"start":{"line":140,"column":0},"end":{"line":140,"column":138}},"140":{"start":{"line":141,"column":0},"end":{"line":141,"column":138}},"141":{"start":{"line":142,"column":0},"end":{"line":142,"column":138}},"142":{"start":{"line":143,"column":0},"end":{"line":143,"column":138}},"143":{"start":{"line":144,"column":0},"end":{"line":144,"column":138}},"144":{"start":{"line":145,"column":0},"end":{"line":145,"column":137}},"145":{"start":{"line":146,"column":0},"end":{"line":146,"column":9}},"146":{"start":{"line":147,"column":0},"end":{"line":147,"column":6}},"147":{"start":{"line":148,"column":0},"end":{"line":148,"column":0}},"148":{"start":{"line":149,"column":0},"end":{"line":149,"column":1}},"149":{"start":{"line":150,"column":0},"end":{"line":150,"column":0}},"150":{"start":{"line":151,"column":0},"end":{"line":151,"column":30}},"151":{"start":{"line":152,"column":0},"end":{"line":152,"column":0}},"152":{"start":{"line":153,"column":0},"end":{"line":153,"column":24}},"153":{"start":{"line":154,"column":0},"end":{"line":154,"column":86}},"154":{"start":{"line":155,"column":0},"end":{"line":155,"column":86}},"155":{"start":{"line":156,"column":0},"end":{"line":156,"column":86}},"156":{"start":{"line":157,"column":0},"end":{"line":157,"column":86}},"157":{"start":{"line":158,"column":0},"end":{"line":158,"column":86}},"158":{"start":{"line":159,"column":0},"end":{"line":159,"column":86}},"159":{"start":{"line":160,"column":0},"end":{"line":160,"column":86}},"160":{"start":{"line":161,"column":0},"end":{"line":161,"column":86}},"161":{"start":{"line":162,"column":0},"end":{"line":162,"column":86}},"162":{"start":{"line":163,"column":0},"end":{"line":163,"column":1}},"163":{"start":{"line":164,"column":0},"end":{"line":164,"column":0}},"164":{"start":{"line":165,"column":0},"end":{"line":165,"column":2}}},"s":{"0":1,"1":1,"2":1,"3":1,"4":1,"5":1,"6":1,"7":1,"8":1,"9":1,"10":1,"11":1,"12":1,"13":1,"14":1,"15":1,"16":1,"17":1,"18":1,"19":1,"20":1,"21":1,"22":1,"23":1,"24":1,"25":1,"26":1,"27":1,"28":1,"29":1,"30":1,"31":1,"32":1,"33":1,"34":1,"35":1,"36":1,"37":1,"38":1,"39":1,"40":1,"41":1,"42":1,"43":1,"44":1,"45":1,"46":1,"47":1,"48":1,"49":1,"50":1,"51":1,"52":1,"53":1,"54":1,"55":1,"56":1,"57":1,"58":1,"59":1,"60":1,"61":1,"62":1,"63":1,"64":1,"65":1,"66":1,"67":1,"68":1,"69":1,"70":1,"71":1,"72":1,"73":1,"74":1,"75":1,"76":1,"77":1,"78":1,"79":1,"80":1,"81":1,"82":1,"83":1,"84":1,"85":1,"86":1,"87":1,"88":1,"89":1,"90":1,"91":1,"92":1,"93":1,"94":1,"95":1,"96":1,"97":1,"98":1,"99":1,"100":1,"101":1,"102":1,"103":1,"104":1,"105":1,"106":1,"107":1,"108":1,"109":1,"110":1,"111":1,"112":1,"113":1,"114":1,"115":1,"116":1,"117":1,"118":1,"119":1,"120":1,"121":1,"122":1,"123":1,"124":1,"125":1,"126":1,"127":1,"128":1,"129":1,"130":1,"131":1,"132":1,"133":1,"134":1,"135":1,"136":1,"137":1,"138":1,"139":1,"140":1,"141":1,"142":1,"143":1,"144":1,"145":1,"146":1,"147":1,"148":1,"149":1,"150":1,"151":1,"152":1,"153":1,"154":1,"155":1,"156":1,"157":1,"158":1,"159":1,"160":1,"161":1,"162":1,"163":1,"164":1},"branchMap":{},"b":{},"fnMap":{},"f":{}}
}
